Using pre-set license
Built from '2020.3/release' branch; Version is '2020.3.2f1 (8fd9074bf66c) revision 9427207'; Using compiler version '192528614'; Build Type 'Release'
OS: 'Windows 10 Home; OS build 19042.867; Version 2009; 64bit' Language: 'en' Physical Memory: 16287 MB
BatchMode: 1, IsHumanControllingUs: 0, StartBugReporterOnCrash: 0, Is64bit: 1, IsPro: 0

 COMMAND LINE ARGUMENTS:
C:\Program Files\UnityEditor\2020.3.2f1\Editor\Unity.exe
-adb2
-batchMode
-noUpm
-name
AssetImportWorker0
-projectPath
C:/Users/turne/Documents/UnityGames/Killer-Wave
-logFile
Logs/AssetImportWorker0.log
-srvPort
60356
Successfully changed project path to: C:/Users/turne/Documents/UnityGames/Killer-Wave
C:/Users/turne/Documents/UnityGames/Killer-Wave
Using Asset Import Pipeline V2.
Refreshing native plugins compatible for Editor in 34.80 ms, found 0 plugins.
Preloading 0 native plugins for Editor in 0.00 ms.
Initialize engine version: 2020.3.2f1 (8fd9074bf66c)
[Subsystems] Discovering subsystems at path C:/Program Files/UnityEditor/2020.3.2f1/Editor/Data/Resources/UnitySubsystems
[Subsystems] Discovering subsystems at path C:/Users/turne/Documents/UnityGames/Killer-Wave/Assets
GfxDevice: creating device client; threaded=0
Direct3D:
    Version:  Direct3D 11.0 [level 11.1]
    Renderer: AMD Radeon (TM) Pro WX 7100 Graphics (ID=0x67c4)
    Vendor:   
    VRAM:     8171 MB
    Driver:   27.20.14535.3005
Initialize mono
Mono path[0] = 'C:/Program Files/UnityEditor/2020.3.2f1/Editor/Data/Managed'
Mono path[1] = 'C:/Program Files/UnityEditor/2020.3.2f1/Editor/Data/MonoBleedingEdge/lib/mono/unityjit'
Mono config path = 'C:/Program Files/UnityEditor/2020.3.2f1/Editor/Data/MonoBleedingEdge/etc'
Using monoOptions --debugger-agent=transport=dt_socket,embedding=1,server=y,suspend=n,address=127.0.0.1:56668
Begin MonoManager ReloadAssembly
Registering precompiled unity dll's ...
Register platform support module: C:/Program Files/UnityEditor/2020.3.2f1/Editor/Data/PlaybackEngines/WebGLSupport/UnityEditor.WebGL.Extensions.dll
Register platform support module: C:/Program Files/UnityEditor/2020.3.2f1/Editor/Data/PlaybackEngines/MacStandaloneSupport/UnityEditor.OSXStandalone.Extensions.dll
Register platform support module: C:/Program Files/UnityEditor/2020.3.2f1/Editor/Data/PlaybackEngines/WindowsStandaloneSupport/UnityEditor.WindowsStandalone.Extensions.dll
Register platform support module: C:/Program Files/UnityEditor/2020.3.2f1/Editor/Data/PlaybackEngines/LinuxStandaloneSupport/UnityEditor.LinuxStandalone.Extensions.dll
Registered in 0.002828 seconds.
Native extension for LinuxStandalone target not found
Native extension for WindowsStandalone target not found
Native extension for OSXStandalone target not found
Native extension for WebGL target not found
Refreshing native plugins compatible for Editor in 29.29 ms, found 0 plugins.
Preloading 0 native plugins for Editor in 0.00 ms.
Invoked RoslynAnalysisRunner static constructor.
RoslynAnalysisRunner will not be running.
RoslynAnalysisRunner has terminated.
Mono: successfully reloaded assembly
- Completed reload, in  1.093 seconds
Platform modules already initialized, skipping
Registering precompiled user dll's ...
Registered in 0.003617 seconds.
Begin MonoManager ReloadAssembly
Native extension for LinuxStandalone target not found
Native extension for WindowsStandalone target not found
Native extension for OSXStandalone target not found
Native extension for WebGL target not found
Refreshing native plugins compatible for Editor in 0.48 ms, found 0 plugins.
Preloading 0 native plugins for Editor in 0.00 ms.
Invoked RoslynAnalysisRunner static constructor.
RoslynAnalysisRunner will not be running.
RoslynAnalysisRunner has terminated.
Mono: successfully reloaded assembly
- Completed reload, in  0.780 seconds
Platform modules already initialized, skipping
========================================================================
Worker process is ready to serve import requests
Launched and connected shader compiler UnityShaderCompiler.exe after 0.04 seconds
Refreshing native plugins compatible for Editor in 0.46 ms, found 0 plugins.
Preloading 0 native plugins for Editor in 0.00 ms.
Unloading 1199 Unused Serialized files (Serialized files now loaded: 0)
System memory in use before: 60.6 MB.
System memory in use after: 60.7 MB.

Unloading 33 unused Assets to reduce memory usage. Loaded Objects now: 1643.
Total: 1.907500 ms (FindLiveObjects: 0.204000 ms CreateObjectMapping: 0.039400 ms MarkObjects: 1.601100 ms  DeleteObjects: 0.061800 ms)

========================================================================
Received Import Request.
  path: Assets/Resources/Prefab/Player/player_ship.prefab
  artifactKey: Guid(7a58ae435754d6e4ebdf9d97a4666c37) Importer(815301076,1909f56bfc062723c751e8b465ee728b)
Start importing Assets/Resources/Prefab/Player/player_ship.prefab using Guid(7a58ae435754d6e4ebdf9d97a4666c37) Importer(815301076,1909f56bfc062723c751e8b465ee728b)  -> (artifact id: 'a69bbca5285f14979e063f9c3719b7ba') in 0.102367 seconds
  Import took 0.104928 seconds .

========================================================================
Received Import Request.
  Time since last request: 10.455892 seconds.
  path: Assets/Resources/Prefab/Player/player_ship.prefab
  artifactKey: Guid(7a58ae435754d6e4ebdf9d97a4666c37) Importer(815301076,1909f56bfc062723c751e8b465ee728b)
Start importing Assets/Resources/Prefab/Player/player_ship.prefab using Guid(7a58ae435754d6e4ebdf9d97a4666c37) Importer(815301076,1909f56bfc062723c751e8b465ee728b)  -> (artifact id: 'c82c8ffb84b11f51c613f82add8ab126') in 0.016774 seconds
  Import took 0.019918 seconds .

========================================================================
Received Import Request.
  Time since last request: 8.816118 seconds.
  path: Assets/Resources/Prefab/Player/player_ship.prefab
  artifactKey: Guid(7a58ae435754d6e4ebdf9d97a4666c37) Importer(815301076,1909f56bfc062723c751e8b465ee728b)
Start importing Assets/Resources/Prefab/Player/player_ship.prefab using Guid(7a58ae435754d6e4ebdf9d97a4666c37) Importer(815301076,1909f56bfc062723c751e8b465ee728b)  -> (artifact id: 'b034ef20d974c832ecaff41267854808') in 0.019349 seconds
  Import took 0.022673 seconds .

========================================================================
Received Import Request.
  Time since last request: 11.881377 seconds.
  path: Assets/Resources/Prefab/Player/player_ship.prefab
  artifactKey: Guid(7a58ae435754d6e4ebdf9d97a4666c37) Importer(815301076,1909f56bfc062723c751e8b465ee728b)
Start importing Assets/Resources/Prefab/Player/player_ship.prefab using Guid(7a58ae435754d6e4ebdf9d97a4666c37) Importer(815301076,1909f56bfc062723c751e8b465ee728b)  -> (artifact id: '0c3ce5863ff0e0b0b00ce52c5c82b337') in 0.020840 seconds
  Import took 0.023464 seconds .

========================================================================
Received Import Request.
  Time since last request: 3.817350 seconds.
  path: Assets/Resources/Prefab/Player/player_ship.prefab
  artifactKey: Guid(7a58ae435754d6e4ebdf9d97a4666c37) Importer(815301076,1909f56bfc062723c751e8b465ee728b)
Start importing Assets/Resources/Prefab/Player/player_ship.prefab using Guid(7a58ae435754d6e4ebdf9d97a4666c37) Importer(815301076,1909f56bfc062723c751e8b465ee728b)  -> (artifact id: '71342a385b19dd4929ae272e077ba149') in 0.019422 seconds
  Import took 0.022078 seconds .

========================================================================
Received Import Request.
  Time since last request: 8.647009 seconds.
  path: Assets/Resources/Prefab/Player/player_ship.prefab
  artifactKey: Guid(7a58ae435754d6e4ebdf9d97a4666c37) Importer(815301076,1909f56bfc062723c751e8b465ee728b)
Start importing Assets/Resources/Prefab/Player/player_ship.prefab using Guid(7a58ae435754d6e4ebdf9d97a4666c37) Importer(815301076,1909f56bfc062723c751e8b465ee728b)  -> (artifact id: '4bebd94cdfd846a949b4cc8f656deb01') in 0.022278 seconds
  Import took 0.025422 seconds .

========================================================================
Received Import Request.
  Time since last request: 2.394543 seconds.
  path: Assets/Resources/Prefab/Player/player_ship.prefab
  artifactKey: Guid(7a58ae435754d6e4ebdf9d97a4666c37) Importer(815301076,1909f56bfc062723c751e8b465ee728b)
Start importing Assets/Resources/Prefab/Player/player_ship.prefab using Guid(7a58ae435754d6e4ebdf9d97a4666c37) Importer(815301076,1909f56bfc062723c751e8b465ee728b)  -> (artifact id: '23b132e257864a798cd09df89a2d81b4') in 0.019238 seconds
  Import took 0.022610 seconds .

========================================================================
Received Import Request.
  Time since last request: 1.580604 seconds.
  path: Assets/Resources/Prefab/Player/player_ship.prefab
  artifactKey: Guid(7a58ae435754d6e4ebdf9d97a4666c37) Importer(815301076,1909f56bfc062723c751e8b465ee728b)
Start importing Assets/Resources/Prefab/Player/player_ship.prefab using Guid(7a58ae435754d6e4ebdf9d97a4666c37) Importer(815301076,1909f56bfc062723c751e8b465ee728b)  -> (artifact id: '7d35d61a1fb5743a7aa205ed1a42a610') in 0.022651 seconds
  Import took 0.026006 seconds .

========================================================================
Received Import Request.
  Time since last request: 6.513609 seconds.
  path: Packages/com.unity.2d.sprite/Editor/ObjectMenuCreation/DefaultAssets/Textures/9-Sliced.png
  artifactKey: Guid(cc35afd292fc349128b36a291fb3a165) Importer(815301076,1909f56bfc062723c751e8b465ee728b)
Start importing Packages/com.unity.2d.sprite/Editor/ObjectMenuCreation/DefaultAssets/Textures/9-Sliced.png using Guid(cc35afd292fc349128b36a291fb3a165) Importer(815301076,1909f56bfc062723c751e8b465ee728b)  -> (artifact id: 'c03a5146409074e75f2ff3e22ccf68d2') in 0.066868 seconds
  Import took 0.070201 seconds .

========================================================================
Received Import Request.
  Time since last request: 0.000197 seconds.
  path: Packages/com.unity.2d.sprite/Editor/ObjectMenuCreation/DefaultAssets/Textures/HexagonPointed-Top.png
  artifactKey: Guid(4b2a04fdbe0ef4d8da8f90eaca817cd1) Importer(815301076,1909f56bfc062723c751e8b465ee728b)
Start importing Packages/com.unity.2d.sprite/Editor/ObjectMenuCreation/DefaultAssets/Textures/HexagonPointed-Top.png using Guid(4b2a04fdbe0ef4d8da8f90eaca817cd1) Importer(815301076,1909f56bfc062723c751e8b465ee728b)  -> (artifact id: 'ef3f4aa5ba5242ebe4be983283af7ce7') in 0.018200 seconds
  Import took 0.020396 seconds .

========================================================================
Received Import Request.
  Time since last request: 0.000228 seconds.
  path: Packages/com.unity.2d.sprite/Editor/ObjectMenuCreation/DefaultAssets/Textures/HexagonFlat-Top.png
  artifactKey: Guid(a9716c16a44a94eed9b5c90fbf4d9bdd) Importer(815301076,1909f56bfc062723c751e8b465ee728b)
Start importing Packages/com.unity.2d.sprite/Editor/ObjectMenuCreation/DefaultAssets/Textures/HexagonFlat-Top.png using Guid(a9716c16a44a94eed9b5c90fbf4d9bdd) Importer(815301076,1909f56bfc062723c751e8b465ee728b)  -> (artifact id: '4096117d3672764c457b8581c8116249') in 0.018332 seconds
  Import took 0.020947 seconds .

========================================================================
Received Import Request.
  Time since last request: 0.000192 seconds.
  path: Packages/com.unity.2d.sprite/Editor/ObjectMenuCreation/DefaultAssets/Textures/CircleMask.png
  artifactKey: Guid(87aaca0a643d54397ba969dab4fc8875) Importer(815301076,1909f56bfc062723c751e8b465ee728b)
Start importing Packages/com.unity.2d.sprite/Editor/ObjectMenuCreation/DefaultAssets/Textures/CircleMask.png using Guid(87aaca0a643d54397ba969dab4fc8875) Importer(815301076,1909f56bfc062723c751e8b465ee728b)  -> (artifact id: '906db7a733dbb2c95d6228cdb52cade5') in 0.017353 seconds
  Import took 0.020350 seconds .

========================================================================
Received Import Request.
  Time since last request: 0.000186 seconds.
  path: Packages/com.unity.2d.sprite/Editor/ObjectMenuCreation/DefaultAssets/Textures/9-Sliced.png
  artifactKey: Guid(cc35afd292fc349128b36a291fb3a165) Importer(815301076,1909f56bfc062723c751e8b465ee728b)
Start importing Packages/com.unity.2d.sprite/Editor/ObjectMenuCreation/DefaultAssets/Textures/9-Sliced.png using Guid(cc35afd292fc349128b36a291fb3a165) Importer(815301076,1909f56bfc062723c751e8b465ee728b)  -> (artifact id: 'c03a5146409074e75f2ff3e22ccf68d2') in 0.008588 seconds
  Import took 0.010566 seconds .

========================================================================
Received Import Request.
  Time since last request: 0.000205 seconds.
  path: Packages/com.unity.2d.sprite/Editor/ObjectMenuCreation/DefaultAssets/Textures/Circle.png
  artifactKey: Guid(4adeaf2d2b1c7417e89f026626d8264f) Importer(815301076,1909f56bfc062723c751e8b465ee728b)
Start importing Packages/com.unity.2d.sprite/Editor/ObjectMenuCreation/DefaultAssets/Textures/Circle.png using Guid(4adeaf2d2b1c7417e89f026626d8264f) Importer(815301076,1909f56bfc062723c751e8b465ee728b)  -> (artifact id: 'f95a1d9cb3633bd59dad137054d6568a') in 0.020171 seconds
  Import took 0.022721 seconds .

========================================================================
Received Import Request.
  Time since last request: 0.000238 seconds.
  path: Packages/com.unity.2d.sprite/Editor/ObjectMenuCreation/DefaultAssets/Textures/Capsule.png
  artifactKey: Guid(34587324d412940a79d530020c957dc0) Importer(815301076,1909f56bfc062723c751e8b465ee728b)
Start importing Packages/com.unity.2d.sprite/Editor/ObjectMenuCreation/DefaultAssets/Textures/Capsule.png using Guid(34587324d412940a79d530020c957dc0) Importer(815301076,1909f56bfc062723c751e8b465ee728b)  -> (artifact id: '7f3bc83ee8daf34e734b899ed5d0ce1d') in 0.019778 seconds
  Import took 0.022474 seconds .

========================================================================
Received Import Request.
  Time since last request: 0.000196 seconds.
  path: Packages/com.unity.2d.sprite/Editor/ObjectMenuCreation/DefaultAssets/Textures/IsometricDiamond.png
  artifactKey: Guid(0d267bc78a0864eb48358689b29ed20a) Importer(815301076,1909f56bfc062723c751e8b465ee728b)
Start importing Packages/com.unity.2d.sprite/Editor/ObjectMenuCreation/DefaultAssets/Textures/IsometricDiamond.png using Guid(0d267bc78a0864eb48358689b29ed20a) Importer(815301076,1909f56bfc062723c751e8b465ee728b)  -> (artifact id: 'ebcd74167d7da77ba1fefe9e6a8e6689') in 0.017077 seconds
  Import took 0.019656 seconds .

========================================================================
Received Import Request.
  Time since last request: 2.790745 seconds.
  path: Packages/com.unity.2d.sprite/Editor/ObjectMenuCreation/DefaultAssets/Textures/Square.png
  artifactKey: Guid(db750325989564987a34393247d883b4) Importer(815301076,1909f56bfc062723c751e8b465ee728b)
Start importing Packages/com.unity.2d.sprite/Editor/ObjectMenuCreation/DefaultAssets/Textures/Square.png using Guid(db750325989564987a34393247d883b4) Importer(815301076,1909f56bfc062723c751e8b465ee728b)  -> (artifact id: '381216261e7a27d2d43c98c655591e78') in 0.016575 seconds
  Import took 0.018948 seconds .

========================================================================
Received Import Request.
  Time since last request: 3.956079 seconds.
  path: Assets/Resources/Prefab/Player/player_ship.prefab
  artifactKey: Guid(7a58ae435754d6e4ebdf9d97a4666c37) Importer(815301076,1909f56bfc062723c751e8b465ee728b)
Start importing Assets/Resources/Prefab/Player/player_ship.prefab using Guid(7a58ae435754d6e4ebdf9d97a4666c37) Importer(815301076,1909f56bfc062723c751e8b465ee728b)  -> (artifact id: 'dfab85ab1e1436a8f95be11070a51fd4') in 0.019524 seconds
  Import took 0.022164 seconds .

========================================================================
Received Import Request.
  Time since last request: 9.845485 seconds.
  path: Assets/Resources/Prefab/Player/player_ship.prefab
  artifactKey: Guid(7a58ae435754d6e4ebdf9d97a4666c37) Importer(815301076,1909f56bfc062723c751e8b465ee728b)
Start importing Assets/Resources/Prefab/Player/player_ship.prefab using Guid(7a58ae435754d6e4ebdf9d97a4666c37) Importer(815301076,1909f56bfc062723c751e8b465ee728b)  -> (artifact id: '83a67bc3b6279f5a8960aaafc1ce3a8c') in 0.019070 seconds
  Import took 0.022047 seconds .

========================================================================
Received Import Request.
  Time since last request: 3.194406 seconds.
  path: Assets/Resources/Prefab/Player/player_ship.prefab
  artifactKey: Guid(7a58ae435754d6e4ebdf9d97a4666c37) Importer(815301076,1909f56bfc062723c751e8b465ee728b)
Start importing Assets/Resources/Prefab/Player/player_ship.prefab using Guid(7a58ae435754d6e4ebdf9d97a4666c37) Importer(815301076,1909f56bfc062723c751e8b465ee728b)  -> (artifact id: 'aed0235e94e096a4c53503c682f8d25a') in 0.018690 seconds
  Import took 0.023703 seconds .

========================================================================
Received Import Request.
  Time since last request: 44.538857 seconds.
  path: Assets/Resources/Prefab/Enemies/enemy_wave.prefab
  artifactKey: Guid(910ce12a3ff96694398bc18221ea3c9e) Importer(815301076,1909f56bfc062723c751e8b465ee728b)
Start importing Assets/Resources/Prefab/Enemies/enemy_wave.prefab using Guid(910ce12a3ff96694398bc18221ea3c9e) Importer(815301076,1909f56bfc062723c751e8b465ee728b)  -> (artifact id: 'cd0999fef8f3637af958c999485b61c5') in 0.018805 seconds
  Import took 0.021276 seconds .

========================================================================
Received Import Request.
  Time since last request: 0.000164 seconds.
  path: Assets/Resources/Prefab/Enemies/EnemySpawner.prefab
  artifactKey: Guid(c13c08c3b0530f948bcccae67d138777) Importer(815301076,1909f56bfc062723c751e8b465ee728b)
Start importing Assets/Resources/Prefab/Enemies/EnemySpawner.prefab using Guid(c13c08c3b0530f948bcccae67d138777) Importer(815301076,1909f56bfc062723c751e8b465ee728b)  -> (artifact id: '58044ad84848ae2b54c39412963f44d4') in 0.009465 seconds
  Import took 0.011606 seconds .

========================================================================
Received Import Request.
  Time since last request: 9.886912 seconds.
  path: Assets/Resources/Prefab/Enemies/enemy_wave.prefab
  artifactKey: Guid(910ce12a3ff96694398bc18221ea3c9e) Importer(815301076,1909f56bfc062723c751e8b465ee728b)
Start importing Assets/Resources/Prefab/Enemies/enemy_wave.prefab using Guid(910ce12a3ff96694398bc18221ea3c9e) Importer(815301076,1909f56bfc062723c751e8b465ee728b)  -> (artifact id: '2c4a36ca4028ad5f7fd5adaeb853cd14') in 0.011649 seconds
  Import took 0.014405 seconds .

========================================================================
Received Import Request.
  Time since last request: 7.219635 seconds.
  path: Assets/Resources/Prefab/Enemies/enemy_wave.prefab
  artifactKey: Guid(910ce12a3ff96694398bc18221ea3c9e) Importer(815301076,1909f56bfc062723c751e8b465ee728b)
Start importing Assets/Resources/Prefab/Enemies/enemy_wave.prefab using Guid(910ce12a3ff96694398bc18221ea3c9e) Importer(815301076,1909f56bfc062723c751e8b465ee728b)  -> (artifact id: '52bba1e54c26cc73a877ce4d71d86c05') in 0.011308 seconds
  Import took 0.014424 seconds .

========================================================================
Received Import Request.
  Time since last request: 10.903665 seconds.
  path: Assets/Resources/Prefab/Enemies/enemy_wave.prefab
  artifactKey: Guid(910ce12a3ff96694398bc18221ea3c9e) Importer(815301076,1909f56bfc062723c751e8b465ee728b)
Start importing Assets/Resources/Prefab/Enemies/enemy_wave.prefab using Guid(910ce12a3ff96694398bc18221ea3c9e) Importer(815301076,1909f56bfc062723c751e8b465ee728b)  -> (artifact id: '7d6795a20f8397749e344b54f89e525f') in 0.011621 seconds
  Import took 0.014380 seconds .

========================================================================
Received Import Request.
  Time since last request: 13.554346 seconds.
  path: Assets/Resources/Prefab/Enemies/enemy_wave.prefab
  artifactKey: Guid(910ce12a3ff96694398bc18221ea3c9e) Importer(815301076,1909f56bfc062723c751e8b465ee728b)
Start importing Assets/Resources/Prefab/Enemies/enemy_wave.prefab using Guid(910ce12a3ff96694398bc18221ea3c9e) Importer(815301076,1909f56bfc062723c751e8b465ee728b)  -> (artifact id: 'cb8764adc04ce22af3eb4bf55fabb2a6') in 0.010570 seconds
  Import took 0.013246 seconds .

========================================================================
Received Import Request.
  Time since last request: 13.083094 seconds.
  path: Assets/Resources/Prefab/Enemies/enemy_wave.prefab
  artifactKey: Guid(910ce12a3ff96694398bc18221ea3c9e) Importer(815301076,1909f56bfc062723c751e8b465ee728b)
Start importing Assets/Resources/Prefab/Enemies/enemy_wave.prefab using Guid(910ce12a3ff96694398bc18221ea3c9e) Importer(815301076,1909f56bfc062723c751e8b465ee728b)  -> (artifact id: 'c231065fd9c23b87e89fb948f77c35ef') in 0.012713 seconds
  Import took 0.019542 seconds .

========================================================================
Received Import Request.
  Time since last request: 1.781733 seconds.
  path: Assets/Resources/Prefab/Enemies/enemy_wave.prefab
  artifactKey: Guid(910ce12a3ff96694398bc18221ea3c9e) Importer(815301076,1909f56bfc062723c751e8b465ee728b)
Start importing Assets/Resources/Prefab/Enemies/enemy_wave.prefab using Guid(910ce12a3ff96694398bc18221ea3c9e) Importer(815301076,1909f56bfc062723c751e8b465ee728b)  -> (artifact id: 'b49b3342cffbc0f10e6eb3bf038513fc') in 0.009813 seconds
  Import took 0.012368 seconds .

========================================================================
Received Import Request.
  Time since last request: 8.038062 seconds.
  path: Assets/Resources/Prefab/Enemies/enemy_wave.prefab
  artifactKey: Guid(910ce12a3ff96694398bc18221ea3c9e) Importer(815301076,1909f56bfc062723c751e8b465ee728b)
Start importing Assets/Resources/Prefab/Enemies/enemy_wave.prefab using Guid(910ce12a3ff96694398bc18221ea3c9e) Importer(815301076,1909f56bfc062723c751e8b465ee728b)  -> (artifact id: '4b31d7e9a8f50280f04a5e3b3004d280') in 0.010701 seconds
  Import took 0.013111 seconds .

========================================================================
Received Import Request.
  Time since last request: 5.223864 seconds.
  path: Assets/Resources/Prefab/Enemies/enemy_wave.prefab
  artifactKey: Guid(910ce12a3ff96694398bc18221ea3c9e) Importer(815301076,1909f56bfc062723c751e8b465ee728b)
Start importing Assets/Resources/Prefab/Enemies/enemy_wave.prefab using Guid(910ce12a3ff96694398bc18221ea3c9e) Importer(815301076,1909f56bfc062723c751e8b465ee728b)  -> (artifact id: '0057dbcd047d1cd238aacd3c948beaf2') in 0.010866 seconds
  Import took 0.013910 seconds .

========================================================================
Received Import Request.
  Time since last request: 3.025507 seconds.
  path: Assets/Resources/Prefab/Enemies/enemy_wave.prefab
  artifactKey: Guid(910ce12a3ff96694398bc18221ea3c9e) Importer(815301076,1909f56bfc062723c751e8b465ee728b)
Start importing Assets/Resources/Prefab/Enemies/enemy_wave.prefab using Guid(910ce12a3ff96694398bc18221ea3c9e) Importer(815301076,1909f56bfc062723c751e8b465ee728b)  -> (artifact id: 'f5a08c4addddc79b2ce62936521b1bb1') in 0.010219 seconds
  Import took 0.012804 seconds .

========================================================================
Received Import Request.
  Time since last request: 2.590324 seconds.
  path: Assets/Resources/Prefab/Enemies/enemy_wave.prefab
  artifactKey: Guid(910ce12a3ff96694398bc18221ea3c9e) Importer(815301076,1909f56bfc062723c751e8b465ee728b)
Start importing Assets/Resources/Prefab/Enemies/enemy_wave.prefab using Guid(910ce12a3ff96694398bc18221ea3c9e) Importer(815301076,1909f56bfc062723c751e8b465ee728b)  -> (artifact id: '9d0237ea4cd658be7148e85a39806256') in 0.015106 seconds
  Import took 0.017580 seconds .

========================================================================
Received Import Request.
  Time since last request: 2.804597 seconds.
  path: Assets/Resources/Prefab/Enemies/enemy_wave.prefab
  artifactKey: Guid(910ce12a3ff96694398bc18221ea3c9e) Importer(815301076,1909f56bfc062723c751e8b465ee728b)
Start importing Assets/Resources/Prefab/Enemies/enemy_wave.prefab using Guid(910ce12a3ff96694398bc18221ea3c9e) Importer(815301076,1909f56bfc062723c751e8b465ee728b)  -> (artifact id: '39c660392401ff9a1c1310d2ece3dbe5') in 0.009583 seconds
  Import took 0.012291 seconds .

========================================================================
Received Import Request.
  Time since last request: 40.227942 seconds.
  path: Assets/Scene/level1.unity
  artifactKey: Guid(9b87eee4614dbdf4e944e30bfa4b56ce) Importer(815301076,1909f56bfc062723c751e8b465ee728b)
Start importing Assets/Scene/level1.unity using Guid(9b87eee4614dbdf4e944e30bfa4b56ce) Importer(815301076,1909f56bfc062723c751e8b465ee728b)  -> (artifact id: '20ace37da3355c2bdaf8df1eac3d2875') in 0.013544 seconds
  Import took 0.015863 seconds .

========================================================================
Received Import Request.
  Time since last request: 12.279904 seconds.
  path: Assets/Resources/Texture/b. Shot_diff.tif
  artifactKey: Guid(11d004c82c89e7742bf133a8fc7ffc06) Importer(815301076,1909f56bfc062723c751e8b465ee728b)
Start importing Assets/Resources/Texture/b. Shot_diff.tif using Guid(11d004c82c89e7742bf133a8fc7ffc06) Importer(815301076,1909f56bfc062723c751e8b465ee728b)  -> (artifact id: '311bb787b1db6612af8df28a09059e07') in 0.024106 seconds
  Import took 0.026453 seconds .

========================================================================
Received Import Request.
  Time since last request: 0.000202 seconds.
  path: Assets/Resources/Texture/b. Shot_nrm.tif
  artifactKey: Guid(c24b5c62e54f9bd47a97d74e301581c1) Importer(815301076,1909f56bfc062723c751e8b465ee728b)
Start importing Assets/Resources/Texture/b. Shot_nrm.tif using Guid(c24b5c62e54f9bd47a97d74e301581c1) Importer(815301076,1909f56bfc062723c751e8b465ee728b)  -> (artifact id: '9e8523b884e7e3c44efabe24632b2918') in 0.032494 seconds
  Import took 0.034384 seconds .

========================================================================
Received Import Request.
  Time since last request: 0.000199 seconds.
  path: Assets/Resources/Texture/playerShip_diff.tif
  artifactKey: Guid(001865b62fec11848ba03e2958298772) Importer(815301076,1909f56bfc062723c751e8b465ee728b)
Start importing Assets/Resources/Texture/playerShip_diff.tif using Guid(001865b62fec11848ba03e2958298772) Importer(815301076,1909f56bfc062723c751e8b465ee728b)  -> (artifact id: 'c5123d7fe3751d13b29bbc9143956f5a') in 0.019224 seconds
  Import took 0.021147 seconds .

========================================================================
Received Import Request.
  Time since last request: 0.000212 seconds.
  path: Assets/Resources/Texture/playerShip_oc.tif
  artifactKey: Guid(e90bd3903f7718a4fa86e7e3794e3111) Importer(815301076,1909f56bfc062723c751e8b465ee728b)
Start importing Assets/Resources/Texture/playerShip_oc.tif using Guid(e90bd3903f7718a4fa86e7e3794e3111) Importer(815301076,1909f56bfc062723c751e8b465ee728b)  -> (artifact id: 'ec9b0db9ea54c23822926bf7b854f169') in 0.018071 seconds
  Import took 0.020507 seconds .

========================================================================
Received Import Request.
  Time since last request: 0.000187 seconds.
  path: Assets/Resources/Texture/playerShip_met.tif
  artifactKey: Guid(fe7549c3a27abde47857bd1c931891d7) Importer(815301076,1909f56bfc062723c751e8b465ee728b)
Start importing Assets/Resources/Texture/playerShip_met.tif using Guid(fe7549c3a27abde47857bd1c931891d7) Importer(815301076,1909f56bfc062723c751e8b465ee728b)  -> (artifact id: '7f7e0e6100c449a87fc30a6c562bc62d') in 0.016959 seconds
  Import took 0.019038 seconds .

========================================================================
Received Import Request.
  Time since last request: 0.000178 seconds.
  path: Assets/Resources/Texture/playerShip_nrm.tif
  artifactKey: Guid(a6c94f2f0cd19ff4a9cd5b692e12ba33) Importer(815301076,1909f56bfc062723c751e8b465ee728b)
Start importing Assets/Resources/Texture/playerShip_nrm.tif using Guid(a6c94f2f0cd19ff4a9cd5b692e12ba33) Importer(815301076,1909f56bfc062723c751e8b465ee728b)  -> (artifact id: '23b080c8aa431b3f4e0b22ee9da397be') in 0.019871 seconds
  Import took 0.021754 seconds .

========================================================================
Received Import Request.
  Time since last request: 0.000189 seconds.
  path: Assets/Resources/Texture/thruster.png
  artifactKey: Guid(977b7d6cc3dfdc145ac2e78e4998ac03) Importer(815301076,1909f56bfc062723c751e8b465ee728b)
Start importing Assets/Resources/Texture/thruster.png using Guid(977b7d6cc3dfdc145ac2e78e4998ac03) Importer(815301076,1909f56bfc062723c751e8b465ee728b)  -> (artifact id: '13aa353fa74cd186a58d3b15d6313059') in 0.024211 seconds
  Import took 0.026471 seconds .

========================================================================
Received Import Request.
  Time since last request: 0.000195 seconds.
  path: Assets/Resources/Texture/spaceBackground.jpg
  artifactKey: Guid(32bd43de73081354ea40140e1e77e8a1) Importer(815301076,1909f56bfc062723c751e8b465ee728b)
Start importing Assets/Resources/Texture/spaceBackground.jpg using Guid(32bd43de73081354ea40140e1e77e8a1) Importer(815301076,1909f56bfc062723c751e8b465ee728b)  -> (artifact id: 'f88a394be86db55eb2f1df11a01fa76e') in 0.018097 seconds
  Import took 0.020097 seconds .

========================================================================
Received Import Request.
  Time since last request: 0.000209 seconds.
  path: Assets/Resources/Texture/c. Bomb_diff.tif
  artifactKey: Guid(16640c8e8920f074f8ae38d55190e6e0) Importer(815301076,1909f56bfc062723c751e8b465ee728b)
Start importing Assets/Resources/Texture/c. Bomb_diff.tif using Guid(16640c8e8920f074f8ae38d55190e6e0) Importer(815301076,1909f56bfc062723c751e8b465ee728b)  -> (artifact id: '641903c5fe563906fc53e8788c729935') in 0.019436 seconds
  Import took 0.022235 seconds .

========================================================================
Received Import Request.
  Time since last request: 0.000179 seconds.
  path: Assets/Resources/Texture/playerShip_em.tif
  artifactKey: Guid(a0401e4b200393f4ea753cc93cb2d708) Importer(815301076,1909f56bfc062723c751e8b465ee728b)
Start importing Assets/Resources/Texture/playerShip_em.tif using Guid(a0401e4b200393f4ea753cc93cb2d708) Importer(815301076,1909f56bfc062723c751e8b465ee728b)  -> (artifact id: 'cd6ac86b5e2472c0a547d97c7aab8944') in 0.015130 seconds
  Import took 0.017741 seconds .

========================================================================
Received Import Request.
  Time since last request: 0.000218 seconds.
  path: Assets/Resources/Texture/c. Bomb_nrm.tif
  artifactKey: Guid(6e124efd26a67ba45a187e03b4aa9478) Importer(815301076,1909f56bfc062723c751e8b465ee728b)
Start importing Assets/Resources/Texture/c. Bomb_nrm.tif using Guid(6e124efd26a67ba45a187e03b4aa9478) Importer(815301076,1909f56bfc062723c751e8b465ee728b)  -> (artifact id: 'a0bf49b729d58279261a2cc30b7df871') in 0.022909 seconds
  Import took 0.024872 seconds .

========================================================================
Received Import Request.
  Time since last request: 2.478912 seconds.
  path: Assets/Resources/Texture
  artifactKey: Guid(bf5b1147911a3fc4384a241484eaf249) Importer(815301076,1909f56bfc062723c751e8b465ee728b)
Start importing Assets/Resources/Texture using Guid(bf5b1147911a3fc4384a241484eaf249) Importer(815301076,1909f56bfc062723c751e8b465ee728b)  -> (artifact id: '7944554669b1852698ce6d93ca2c6c39') in 0.007892 seconds
  Import took 0.010295 seconds .

========================================================================
Received Import Request.
  Time since last request: 26.772490 seconds.
  path: Assets/Resources/Texture/radar.renderTexture
  artifactKey: Guid(acb4e2233395c1e4baa40c329ff80de0) Importer(815301076,1909f56bfc062723c751e8b465ee728b)
Start importing Assets/Resources/Texture/radar.renderTexture using Guid(acb4e2233395c1e4baa40c329ff80de0) Importer(815301076,1909f56bfc062723c751e8b465ee728b)  -> (artifact id: 'bc7755a7148fd46cb6e8a7d2e5841d59') in 0.018059 seconds
  Import took 0.020605 seconds .

========================================================================
Received Import Request.
  Time since last request: 179.204415 seconds.
  path: Assets/Editor/Resources/Landscape.png
  artifactKey: Guid(a57001d8537db4c53baadfb9b6737e1f) Importer(815301076,1909f56bfc062723c751e8b465ee728b)
Start importing Assets/Editor/Resources/Landscape.png using Guid(a57001d8537db4c53baadfb9b6737e1f) Importer(815301076,1909f56bfc062723c751e8b465ee728b)  -> (artifact id: 'cfaadd68ac6f69f06cc5154c0209f87f') in 0.024956 seconds
  Import took 0.027677 seconds .

========================================================================
Received Import Request.
  Time since last request: 0.000262 seconds.
  path: Assets/Editor/Resources/LandscapeMon.png
  artifactKey: Guid(479bd169843eb40d1895a9252c57e271) Importer(815301076,1909f56bfc062723c751e8b465ee728b)
Start importing Assets/Editor/Resources/LandscapeMon.png using Guid(479bd169843eb40d1895a9252c57e271) Importer(815301076,1909f56bfc062723c751e8b465ee728b)  -> (artifact id: '3f2a62aabde2c28b5c3ad29f938303cb') in 0.020942 seconds
  Import took 0.023609 seconds .

========================================================================
Received Import Request.
  Time since last request: 0.000245 seconds.
  path: Assets/Editor/Resources/Landscape.png
  artifactKey: Guid(a57001d8537db4c53baadfb9b6737e1f) Importer(815301076,1909f56bfc062723c751e8b465ee728b)
Start importing Assets/Editor/Resources/Landscape.png using Guid(a57001d8537db4c53baadfb9b6737e1f) Importer(815301076,1909f56bfc062723c751e8b465ee728b)  -> (artifact id: 'cfaadd68ac6f69f06cc5154c0209f87f') in 0.014233 seconds
  Import took 0.017175 seconds .

========================================================================
Received Import Request.
  Time since last request: 0.003399 seconds.
  path: Assets/Editor/Resources/LandscapeMon.png
  artifactKey: Guid(479bd169843eb40d1895a9252c57e271) Importer(815301076,1909f56bfc062723c751e8b465ee728b)
Start importing Assets/Editor/Resources/LandscapeMon.png using Guid(479bd169843eb40d1895a9252c57e271) Importer(815301076,1909f56bfc062723c751e8b465ee728b)  -> (artifact id: '3f2a62aabde2c28b5c3ad29f938303cb') in 0.008429 seconds
  Import took 0.011398 seconds .

========================================================================
Received Import Request.
  Time since last request: 1.615247 seconds.
  path: Assets/Editor/Resources/Portrait.png
  artifactKey: Guid(6c9acc1f9cd7248fdb7d40b8d300be76) Importer(815301076,1909f56bfc062723c751e8b465ee728b)
Start importing Assets/Editor/Resources/Portrait.png using Guid(6c9acc1f9cd7248fdb7d40b8d300be76) Importer(815301076,1909f56bfc062723c751e8b465ee728b)  -> (artifact id: '0c114d237c6c10c3ff3ea9f1709a89b8') in 0.023684 seconds
  Import took 0.026137 seconds .

========================================================================
Received Import Request.
  Time since last request: 0.000182 seconds.
  path: Assets/Editor/Resources/PortraitMon.png
  artifactKey: Guid(fdaa7418df08e4a08a23b15470ee1c86) Importer(815301076,1909f56bfc062723c751e8b465ee728b)
Start importing Assets/Editor/Resources/PortraitMon.png using Guid(fdaa7418df08e4a08a23b15470ee1c86) Importer(815301076,1909f56bfc062723c751e8b465ee728b)  -> (artifact id: '15260fd3cc919392a5943ca3f0ad1009') in 0.023959 seconds
  Import took 0.026302 seconds .

========================================================================
Received Prepare
Registering precompiled user dll's ...
Registered in 0.006329 seconds.
Begin MonoManager ReloadAssembly
Native extension for LinuxStandalone target not found
Native extension for WindowsStandalone target not found
Native extension for OSXStandalone target not found
Native extension for WebGL target not found
Refreshing native plugins compatible for Editor in 0.46 ms, found 0 plugins.
Preloading 0 native plugins for Editor in 0.00 ms.
Invoked RoslynAnalysisRunner static constructor.
RoslynAnalysisRunner will not be running.
RoslynAnalysisRunner has terminated.
Mono: successfully reloaded assembly
- Completed reload, in  0.694 seconds
Platform modules already initialized, skipping
Refreshing native plugins compatible for Editor in 0.45 ms, found 0 plugins.
Preloading 0 native plugins for Editor in 0.00 ms.
Unloading 1193 Unused Serialized files (Serialized files now loaded: 0)
System memory in use before: 63.8 MB.
System memory in use after: 63.9 MB.

Unloading 30 unused Assets to reduce memory usage. Loaded Objects now: 1669.
Total: 1.831000 ms (FindLiveObjects: 0.186000 ms CreateObjectMapping: 0.033700 ms MarkObjects: 1.534400 ms  DeleteObjects: 0.075900 ms)

========================================================================
Received Import Request.
  Time since last request: 211.604513 seconds.
  path: Assets/Resources/Prefab/Enemies/enemy_wave.prefab
  artifactKey: Guid(910ce12a3ff96694398bc18221ea3c9e) Importer(815301076,1909f56bfc062723c751e8b465ee728b)
Start importing Assets/Resources/Prefab/Enemies/enemy_wave.prefab using Guid(910ce12a3ff96694398bc18221ea3c9e) Importer(815301076,1909f56bfc062723c751e8b465ee728b)  -> (artifact id: 'c6821fae9c5e7f2632b6a72dd396d26f') in 0.051440 seconds
  Import took 0.053639 seconds .

========================================================================
Received Import Request.
  Time since last request: 2.191033 seconds.
  path: Assets/Resources/Prefab/Enemies/enemy_wave.prefab
  artifactKey: Guid(910ce12a3ff96694398bc18221ea3c9e) Importer(815301076,1909f56bfc062723c751e8b465ee728b)
Start importing Assets/Resources/Prefab/Enemies/enemy_wave.prefab using Guid(910ce12a3ff96694398bc18221ea3c9e) Importer(815301076,1909f56bfc062723c751e8b465ee728b)  -> (artifact id: '931e1050ebed3c3bda81fa2c2cf4cc91') in 0.010800 seconds
  Import took 0.013135 seconds .

========================================================================
Received Prepare
Registering precompiled user dll's ...
Registered in 0.003294 seconds.
Begin MonoManager ReloadAssembly
Native extension for LinuxStandalone target not found
Native extension for WindowsStandalone target not found
Native extension for OSXStandalone target not found
Native extension for WebGL target not found
Refreshing native plugins compatible for Editor in 0.48 ms, found 0 plugins.
Preloading 0 native plugins for Editor in 0.00 ms.
Invoked RoslynAnalysisRunner static constructor.
RoslynAnalysisRunner will not be running.
RoslynAnalysisRunner has terminated.
Mono: successfully reloaded assembly
- Completed reload, in  0.671 seconds
Platform modules already initialized, skipping
Refreshing native plugins compatible for Editor in 0.48 ms, found 0 plugins.
Preloading 0 native plugins for Editor in 0.00 ms.
Unloading 1193 Unused Serialized files (Serialized files now loaded: 0)
System memory in use before: 63.8 MB.
System memory in use after: 63.9 MB.

Unloading 30 unused Assets to reduce memory usage. Loaded Objects now: 1673.
Total: 1.653300 ms (FindLiveObjects: 0.150600 ms CreateObjectMapping: 0.033900 ms MarkObjects: 1.405400 ms  DeleteObjects: 0.062400 ms)

========================================================================
Received Import Request.
  Time since last request: 84.436686 seconds.
  path: Assets/Resources/Prefab/Enemies/enemy_wave.prefab
  artifactKey: Guid(910ce12a3ff96694398bc18221ea3c9e) Importer(815301076,1909f56bfc062723c751e8b465ee728b)
Start importing Assets/Resources/Prefab/Enemies/enemy_wave.prefab using Guid(910ce12a3ff96694398bc18221ea3c9e) Importer(815301076,1909f56bfc062723c751e8b465ee728b)  -> (artifact id: 'c4fab5258a315f26655d99f46e2bb0d3') in 0.048642 seconds
  Import took 0.050973 seconds .

========================================================================
Received Import Request.
  Time since last request: 0.054630 seconds.
  path: Assets/Resources/Prefab/Enemies/enemy_wave.prefab
  artifactKey: Guid(910ce12a3ff96694398bc18221ea3c9e) Importer(815301076,1909f56bfc062723c751e8b465ee728b)
Start importing Assets/Resources/Prefab/Enemies/enemy_wave.prefab using Guid(910ce12a3ff96694398bc18221ea3c9e) Importer(815301076,1909f56bfc062723c751e8b465ee728b)  -> (artifact id: '15035ebf37878b533e4c74c4805c1148') in 0.009487 seconds
  Import took 0.011956 seconds .

========================================================================
Received Import Request.
  Time since last request: 15.505330 seconds.
  path: Assets/Resources/Prefab/Enemies/enemy_wave.prefab
  artifactKey: Guid(910ce12a3ff96694398bc18221ea3c9e) Importer(815301076,1909f56bfc062723c751e8b465ee728b)
Start importing Assets/Resources/Prefab/Enemies/enemy_wave.prefab using Guid(910ce12a3ff96694398bc18221ea3c9e) Importer(815301076,1909f56bfc062723c751e8b465ee728b)  -> (artifact id: '10835025dc63310633747c7a9c17cd45') in 0.010441 seconds
  Import took 0.013631 seconds .

========================================================================
Received Import Request.
  Time since last request: 6.029414 seconds.
  path: Assets/Resources/Prefab/Enemies/enemy_wave.prefab
  artifactKey: Guid(910ce12a3ff96694398bc18221ea3c9e) Importer(815301076,1909f56bfc062723c751e8b465ee728b)
Start importing Assets/Resources/Prefab/Enemies/enemy_wave.prefab using Guid(910ce12a3ff96694398bc18221ea3c9e) Importer(815301076,1909f56bfc062723c751e8b465ee728b)  -> (artifact id: 'f9c9ad06e6aee755950f21ac2555e6bc') in 0.011583 seconds
  Import took 0.014016 seconds .

========================================================================
Received Import Request.
  Time since last request: 2.003492 seconds.
  path: Assets/Resources/Prefab/Enemies/enemy_wave.prefab
  artifactKey: Guid(910ce12a3ff96694398bc18221ea3c9e) Importer(815301076,1909f56bfc062723c751e8b465ee728b)
Start importing Assets/Resources/Prefab/Enemies/enemy_wave.prefab using Guid(910ce12a3ff96694398bc18221ea3c9e) Importer(815301076,1909f56bfc062723c751e8b465ee728b)  -> (artifact id: '312f56af322c42f197da32e28b8b641c') in 0.009013 seconds
  Import took 0.011450 seconds .

========================================================================
Received Import Request.
  Time since last request: 0.801377 seconds.
  path: Assets/Resources/Prefab/Enemies/enemy_wave.prefab
  artifactKey: Guid(910ce12a3ff96694398bc18221ea3c9e) Importer(815301076,1909f56bfc062723c751e8b465ee728b)
Start importing Assets/Resources/Prefab/Enemies/enemy_wave.prefab using Guid(910ce12a3ff96694398bc18221ea3c9e) Importer(815301076,1909f56bfc062723c751e8b465ee728b)  -> (artifact id: 'ccf1ce6e08271cc7b88e645594430232') in 0.009493 seconds
  Import took 0.011861 seconds .

========================================================================
Received Import Request.
  Time since last request: 6.835062 seconds.
  path: Assets/Resources/Prefab/Enemies/enemy_wave.prefab
  artifactKey: Guid(910ce12a3ff96694398bc18221ea3c9e) Importer(815301076,1909f56bfc062723c751e8b465ee728b)
Start importing Assets/Resources/Prefab/Enemies/enemy_wave.prefab using Guid(910ce12a3ff96694398bc18221ea3c9e) Importer(815301076,1909f56bfc062723c751e8b465ee728b)  -> (artifact id: '8a37f0dcf15f8d5056c4fd501bea3cd2') in 0.014014 seconds
  Import took 0.016452 seconds .

========================================================================
Received Import Request.
  Time since last request: 1.793705 seconds.
  path: Assets/Resources/Prefab/Enemies/enemy_wave.prefab
  artifactKey: Guid(910ce12a3ff96694398bc18221ea3c9e) Importer(815301076,1909f56bfc062723c751e8b465ee728b)
Start importing Assets/Resources/Prefab/Enemies/enemy_wave.prefab using Guid(910ce12a3ff96694398bc18221ea3c9e) Importer(815301076,1909f56bfc062723c751e8b465ee728b)  -> (artifact id: '1ce5dfefb2583019b431ac3b793f1eec') in 0.013935 seconds
  Import took 0.016314 seconds .

========================================================================
Received Prepare
Registering precompiled user dll's ...
Registered in 0.003452 seconds.
Begin MonoManager ReloadAssembly
Native extension for LinuxStandalone target not found
Native extension for WindowsStandalone target not found
Native extension for OSXStandalone target not found
Native extension for WebGL target not found
Refreshing native plugins compatible for Editor in 0.48 ms, found 0 plugins.
Preloading 0 native plugins for Editor in 0.00 ms.
Invoked RoslynAnalysisRunner static constructor.
RoslynAnalysisRunner will not be running.
RoslynAnalysisRunner has terminated.
Mono: successfully reloaded assembly
- Completed reload, in  0.680 seconds
Platform modules already initialized, skipping
Refreshing native plugins compatible for Editor in 0.45 ms, found 0 plugins.
Preloading 0 native plugins for Editor in 0.00 ms.
Unloading 1193 Unused Serialized files (Serialized files now loaded: 0)
System memory in use before: 63.8 MB.
System memory in use after: 63.9 MB.

Unloading 30 unused Assets to reduce memory usage. Loaded Objects now: 1677.
Total: 1.933000 ms (FindLiveObjects: 0.319400 ms CreateObjectMapping: 0.036000 ms MarkObjects: 1.514900 ms  DeleteObjects: 0.060700 ms)

========================================================================
Received Import Request.
  Time since last request: 42.501790 seconds.
  path: Assets/Resources/Prefab/Enemies/enemy_wave.prefab
  artifactKey: Guid(910ce12a3ff96694398bc18221ea3c9e) Importer(815301076,1909f56bfc062723c751e8b465ee728b)
Start importing Assets/Resources/Prefab/Enemies/enemy_wave.prefab using Guid(910ce12a3ff96694398bc18221ea3c9e) Importer(815301076,1909f56bfc062723c751e8b465ee728b)  -> (artifact id: 'ea2d5671351bf32cc688a86dad140111') in 0.051400 seconds
  Import took 0.053593 seconds .

========================================================================
Received Import Request.
  Time since last request: 8.517098 seconds.
  path: Assets/Resources/Prefab/Enemies/enemy_wave.prefab
  artifactKey: Guid(910ce12a3ff96694398bc18221ea3c9e) Importer(815301076,1909f56bfc062723c751e8b465ee728b)
Start importing Assets/Resources/Prefab/Enemies/enemy_wave.prefab using Guid(910ce12a3ff96694398bc18221ea3c9e) Importer(815301076,1909f56bfc062723c751e8b465ee728b)  -> (artifact id: 'dbe0e8829d39e92f5e2850184d92d5c2') in 0.012416 seconds
  Import took 0.014774 seconds .

========================================================================
Received Import Request.
  Time since last request: 9.632206 seconds.
  path: Assets/Resources/Prefab/Enemies/enemy_wave.prefab
  artifactKey: Guid(910ce12a3ff96694398bc18221ea3c9e) Importer(815301076,1909f56bfc062723c751e8b465ee728b)
Start importing Assets/Resources/Prefab/Enemies/enemy_wave.prefab using Guid(910ce12a3ff96694398bc18221ea3c9e) Importer(815301076,1909f56bfc062723c751e8b465ee728b)  -> (artifact id: '41215da45f49f4d18b01a4ad9a9a7bf3') in 0.010386 seconds
  Import took 0.013079 seconds .

========================================================================
Received Import Request.
  Time since last request: 7.853957 seconds.
  path: Assets/Resources/Prefab/Enemies/enemy_wave.prefab
  artifactKey: Guid(910ce12a3ff96694398bc18221ea3c9e) Importer(815301076,1909f56bfc062723c751e8b465ee728b)
Start importing Assets/Resources/Prefab/Enemies/enemy_wave.prefab using Guid(910ce12a3ff96694398bc18221ea3c9e) Importer(815301076,1909f56bfc062723c751e8b465ee728b)  -> (artifact id: 'fc7d1ad83c3a76ef7699c3d14b8a003b') in 0.015312 seconds
  Import took 0.017680 seconds .

========================================================================
Received Import Request.
  Time since last request: 2.802142 seconds.
  path: Assets/Resources/Prefab/Enemies/enemy_wave.prefab
  artifactKey: Guid(910ce12a3ff96694398bc18221ea3c9e) Importer(815301076,1909f56bfc062723c751e8b465ee728b)
Start importing Assets/Resources/Prefab/Enemies/enemy_wave.prefab using Guid(910ce12a3ff96694398bc18221ea3c9e) Importer(815301076,1909f56bfc062723c751e8b465ee728b)  -> (artifact id: '87aed00464cf78174ab7fc5e36bb1df3') in 0.015289 seconds
  Import took 0.018207 seconds .

========================================================================
Received Import Request.
  Time since last request: 8.845067 seconds.
  path: Assets/Resources/Prefab/Enemies/enemy_wave.prefab
  artifactKey: Guid(910ce12a3ff96694398bc18221ea3c9e) Importer(815301076,1909f56bfc062723c751e8b465ee728b)
Start importing Assets/Resources/Prefab/Enemies/enemy_wave.prefab using Guid(910ce12a3ff96694398bc18221ea3c9e) Importer(815301076,1909f56bfc062723c751e8b465ee728b)  -> (artifact id: '1d85ebc8cacbc64eb169baa92251c98c') in 0.014604 seconds
  Import took 0.017298 seconds .

========================================================================
Received Import Request.
  Time since last request: 4.013401 seconds.
  path: Assets/Resources/Prefab/Enemies/enemy_wave.prefab
  artifactKey: Guid(910ce12a3ff96694398bc18221ea3c9e) Importer(815301076,1909f56bfc062723c751e8b465ee728b)
Start importing Assets/Resources/Prefab/Enemies/enemy_wave.prefab using Guid(910ce12a3ff96694398bc18221ea3c9e) Importer(815301076,1909f56bfc062723c751e8b465ee728b)  -> (artifact id: '643d4371b16e4240efb01cf50a9141ac') in 0.014929 seconds
  Import took 0.017453 seconds .

========================================================================
Received Import Request.
  Time since last request: 3.217032 seconds.
  path: Assets/Resources/Prefab/Enemies/enemy_wave.prefab
  artifactKey: Guid(910ce12a3ff96694398bc18221ea3c9e) Importer(815301076,1909f56bfc062723c751e8b465ee728b)
Start importing Assets/Resources/Prefab/Enemies/enemy_wave.prefab using Guid(910ce12a3ff96694398bc18221ea3c9e) Importer(815301076,1909f56bfc062723c751e8b465ee728b)  -> (artifact id: '110334887f2d799c0352e400e3927b81') in 0.015038 seconds
  Import took 0.018041 seconds .

========================================================================
Received Import Request.
  Time since last request: 5.626042 seconds.
  path: Assets/Resources/Prefab/Enemies/enemy_wave.prefab
  artifactKey: Guid(910ce12a3ff96694398bc18221ea3c9e) Importer(815301076,1909f56bfc062723c751e8b465ee728b)
Start importing Assets/Resources/Prefab/Enemies/enemy_wave.prefab using Guid(910ce12a3ff96694398bc18221ea3c9e) Importer(815301076,1909f56bfc062723c751e8b465ee728b)  -> (artifact id: 'da9ec1010a3e66042fad06e68d5ed1ed') in 0.013873 seconds
  Import took 0.016310 seconds .

========================================================================
Received Import Request.
  Time since last request: 13.287175 seconds.
  path: Assets/Resources/Prefab/Enemies/enemy_wave.prefab
  artifactKey: Guid(910ce12a3ff96694398bc18221ea3c9e) Importer(815301076,1909f56bfc062723c751e8b465ee728b)
Start importing Assets/Resources/Prefab/Enemies/enemy_wave.prefab using Guid(910ce12a3ff96694398bc18221ea3c9e) Importer(815301076,1909f56bfc062723c751e8b465ee728b)  -> (artifact id: '5ab59b4de26dbd961b4a223df127d0fa') in 0.014974 seconds
  Import took 0.017720 seconds .

========================================================================
Received Import Request.
  Time since last request: 0.991635 seconds.
  path: Assets/Resources/Prefab/Enemies/enemy_wave.prefab
  artifactKey: Guid(910ce12a3ff96694398bc18221ea3c9e) Importer(815301076,1909f56bfc062723c751e8b465ee728b)
Start importing Assets/Resources/Prefab/Enemies/enemy_wave.prefab using Guid(910ce12a3ff96694398bc18221ea3c9e) Importer(815301076,1909f56bfc062723c751e8b465ee728b)  -> (artifact id: '59e5a3d7dae60cc89b0e56c629330e78') in 0.013297 seconds
  Import took 0.015831 seconds .

========================================================================
Received Import Request.
  Time since last request: 18.163167 seconds.
  path: Assets/Resources/Prefab/Enemies/enemy_wave.prefab
  artifactKey: Guid(910ce12a3ff96694398bc18221ea3c9e) Importer(815301076,1909f56bfc062723c751e8b465ee728b)
Start importing Assets/Resources/Prefab/Enemies/enemy_wave.prefab using Guid(910ce12a3ff96694398bc18221ea3c9e) Importer(815301076,1909f56bfc062723c751e8b465ee728b)  -> (artifact id: '5eec33c5e984ad009cfa255f8ca99afa') in 0.016101 seconds
  Import took 0.019044 seconds .

========================================================================
Received Prepare
Registering precompiled user dll's ...
Registered in 0.003420 seconds.
Begin MonoManager ReloadAssembly
Native extension for LinuxStandalone target not found
Native extension for WindowsStandalone target not found
Native extension for OSXStandalone target not found
Native extension for WebGL target not found
Refreshing native plugins compatible for Editor in 0.46 ms, found 0 plugins.
Preloading 0 native plugins for Editor in 0.00 ms.
Invoked RoslynAnalysisRunner static constructor.
RoslynAnalysisRunner will not be running.
RoslynAnalysisRunner has terminated.
Mono: successfully reloaded assembly
- Completed reload, in  0.694 seconds
Platform modules already initialized, skipping
Refreshing native plugins compatible for Editor in 0.45 ms, found 0 plugins.
Preloading 0 native plugins for Editor in 0.00 ms.
Unloading 1193 Unused Serialized files (Serialized files now loaded: 0)
System memory in use before: 63.8 MB.
System memory in use after: 63.9 MB.

Unloading 30 unused Assets to reduce memory usage. Loaded Objects now: 1681.
Total: 1.874400 ms (FindLiveObjects: 0.207000 ms CreateObjectMapping: 0.034500 ms MarkObjects: 1.561600 ms  DeleteObjects: 0.070100 ms)

========================================================================
Received Import Request.
  Time since last request: 46.053386 seconds.
  path: Assets/Resources/Prefab/Enemies/enemy_wave.prefab
  artifactKey: Guid(910ce12a3ff96694398bc18221ea3c9e) Importer(815301076,1909f56bfc062723c751e8b465ee728b)
Start importing Assets/Resources/Prefab/Enemies/enemy_wave.prefab using Guid(910ce12a3ff96694398bc18221ea3c9e) Importer(815301076,1909f56bfc062723c751e8b465ee728b)  -> (artifact id: '846c174dca6cbc2c016ed51ae97867ad') in 0.050812 seconds
  Import took 0.053483 seconds .

========================================================================
Received Import Request.
  Time since last request: 53.673375 seconds.
  path: Assets/Scene/shop.unity
  artifactKey: Guid(5af6e0a7de66e9e448d921c8dc84e42c) Importer(815301076,1909f56bfc062723c751e8b465ee728b)
Start importing Assets/Scene/shop.unity using Guid(5af6e0a7de66e9e448d921c8dc84e42c) Importer(815301076,1909f56bfc062723c751e8b465ee728b)  -> (artifact id: '1a5b91453d3c165868f016f07a9cead2') in 0.008114 seconds
  Import took 0.010367 seconds .

========================================================================
Received Prepare
Registering precompiled user dll's ...
Registered in 0.003451 seconds.
Begin MonoManager ReloadAssembly
Native extension for LinuxStandalone target not found
Native extension for WindowsStandalone target not found
Native extension for OSXStandalone target not found
Native extension for WebGL target not found
Refreshing native plugins compatible for Editor in 0.46 ms, found 0 plugins.
Preloading 0 native plugins for Editor in 0.00 ms.
Invoked RoslynAnalysisRunner static constructor.
RoslynAnalysisRunner will not be running.
RoslynAnalysisRunner has terminated.
Mono: successfully reloaded assembly
- Completed reload, in  0.753 seconds
Platform modules already initialized, skipping
Refreshing native plugins compatible for Editor in 0.47 ms, found 0 plugins.
Preloading 0 native plugins for Editor in 0.00 ms.
Unloading 1193 Unused Serialized files (Serialized files now loaded: 0)
System memory in use before: 63.9 MB.
System memory in use after: 64.0 MB.

Unloading 30 unused Assets to reduce memory usage. Loaded Objects now: 1685.
Total: 1.934800 ms (FindLiveObjects: 0.237500 ms CreateObjectMapping: 0.032400 ms MarkObjects: 1.592400 ms  DeleteObjects: 0.071500 ms)

========================================================================
Received Import Request.
  Time since last request: 4423.214355 seconds.
  path: ProjectSettings/TagManager.asset
  artifactKey: Guid(00000000000000003000000000000000) Importer(815301076,1909f56bfc062723c751e8b465ee728b)
Start importing ProjectSettings/TagManager.asset using Guid(00000000000000003000000000000000) Importer(815301076,1909f56bfc062723c751e8b465ee728b)  -> (artifact id: 'f76500cad631aa53d23090b5b52ef340') in 0.019970 seconds
  Import took 0.022475 seconds .

========================================================================
Received Import Request.
  Time since last request: 565.961353 seconds.
  path: Assets/Resources/Script/ShopPiece.cs
  artifactKey: Guid(84c11aae515604c4ca17deb8b034ab8f) Importer(815301076,1909f56bfc062723c751e8b465ee728b)
Start importing Assets/Resources/Script/ShopPiece.cs using Guid(84c11aae515604c4ca17deb8b034ab8f) Importer(815301076,1909f56bfc062723c751e8b465ee728b)  -> (artifact id: '14a3ec661f50adc975be975d181236c2') in 0.010890 seconds
  Import took 0.013406 seconds .

========================================================================
Received Prepare
Registering precompiled user dll's ...
Registered in 0.003933 seconds.
Begin MonoManager ReloadAssembly
Native extension for LinuxStandalone target not found
Native extension for WindowsStandalone target not found
Native extension for OSXStandalone target not found
Native extension for WebGL target not found
Refreshing native plugins compatible for Editor in 0.63 ms, found 0 plugins.
Preloading 0 native plugins for Editor in 0.00 ms.
Invoked RoslynAnalysisRunner static constructor.
RoslynAnalysisRunner will not be running.
RoslynAnalysisRunner has terminated.
Mono: successfully reloaded assembly
- Completed reload, in  0.761 seconds
Platform modules already initialized, skipping
Refreshing native plugins compatible for Editor in 0.56 ms, found 0 plugins.
Preloading 0 native plugins for Editor in 0.00 ms.
Unloading 1193 Unused Serialized files (Serialized files now loaded: 0)
System memory in use before: 63.9 MB.
System memory in use after: 64.0 MB.

Unloading 29 unused Assets to reduce memory usage. Loaded Objects now: 1688.
Total: 2.109100 ms (FindLiveObjects: 0.245900 ms CreateObjectMapping: 0.035000 ms MarkObjects: 1.785500 ms  DeleteObjects: 0.041000 ms)

========================================================================
Received Import Request.
  Time since last request: 639.376951 seconds.
  path: Assets/Resources/Script/ShopPiece.cs
  artifactKey: Guid(84c11aae515604c4ca17deb8b034ab8f) Importer(815301076,1909f56bfc062723c751e8b465ee728b)
Start importing Assets/Resources/Script/ShopPiece.cs using Guid(84c11aae515604c4ca17deb8b034ab8f) Importer(815301076,1909f56bfc062723c751e8b465ee728b)  -> (artifact id: 'd043f1a4a928127f71ed89d65d352418') in 0.007697 seconds
  Import took 0.010588 seconds .

========================================================================
Received Prepare
Registering precompiled user dll's ...
Registered in 0.003492 seconds.
Begin MonoManager ReloadAssembly
Native extension for LinuxStandalone target not found
Native extension for WindowsStandalone target not found
Native extension for OSXStandalone target not found
Native extension for WebGL target not found
Refreshing native plugins compatible for Editor in 0.47 ms, found 0 plugins.
Preloading 0 native plugins for Editor in 0.00 ms.
Invoked RoslynAnalysisRunner static constructor.
RoslynAnalysisRunner will not be running.
RoslynAnalysisRunner has terminated.
Mono: successfully reloaded assembly
- Completed reload, in  0.665 seconds
Platform modules already initialized, skipping
Refreshing native plugins compatible for Editor in 0.46 ms, found 0 plugins.
Preloading 0 native plugins for Editor in 0.00 ms.
Unloading 1193 Unused Serialized files (Serialized files now loaded: 0)
System memory in use before: 63.9 MB.
System memory in use after: 64.0 MB.

Unloading 28 unused Assets to reduce memory usage. Loaded Objects now: 1691.
Total: 2.275400 ms (FindLiveObjects: 0.188600 ms CreateObjectMapping: 0.039400 ms MarkObjects: 2.024100 ms  DeleteObjects: 0.022000 ms)

========================================================================
Received Prepare
Registering precompiled user dll's ...
Registered in 0.003933 seconds.
Begin MonoManager ReloadAssembly
Native extension for LinuxStandalone target not found
Native extension for WindowsStandalone target not found
Native extension for OSXStandalone target not found
Native extension for WebGL target not found
Refreshing native plugins compatible for Editor in 0.50 ms, found 0 plugins.
Preloading 0 native plugins for Editor in 0.00 ms.
Invoked RoslynAnalysisRunner static constructor.
RoslynAnalysisRunner will not be running.
RoslynAnalysisRunner has terminated.
Mono: successfully reloaded assembly
- Completed reload, in  0.674 seconds
Platform modules already initialized, skipping
Refreshing native plugins compatible for Editor in 0.47 ms, found 0 plugins.
Preloading 0 native plugins for Editor in 0.00 ms.
Unloading 1193 Unused Serialized files (Serialized files now loaded: 0)
System memory in use before: 63.9 MB.
System memory in use after: 64.0 MB.

Unloading 28 unused Assets to reduce memory usage. Loaded Objects now: 1694.
Total: 1.666200 ms (FindLiveObjects: 0.171500 ms CreateObjectMapping: 0.038900 ms MarkObjects: 1.437300 ms  DeleteObjects: 0.017700 ms)

========================================================================
Received Prepare
Registering precompiled user dll's ...
Registered in 0.003530 seconds.
Begin MonoManager ReloadAssembly
Native extension for LinuxStandalone target not found
Native extension for WindowsStandalone target not found
Native extension for OSXStandalone target not found
Native extension for WebGL target not found
Refreshing native plugins compatible for Editor in 0.49 ms, found 0 plugins.
Preloading 0 native plugins for Editor in 0.00 ms.
Invoked RoslynAnalysisRunner static constructor.
RoslynAnalysisRunner will not be running.
RoslynAnalysisRunner has terminated.
Mono: successfully reloaded assembly
- Completed reload, in  0.685 seconds
Platform modules already initialized, skipping
Refreshing native plugins compatible for Editor in 0.50 ms, found 0 plugins.
Preloading 0 native plugins for Editor in 0.00 ms.
Unloading 1193 Unused Serialized files (Serialized files now loaded: 0)
System memory in use before: 63.9 MB.
System memory in use after: 64.0 MB.

Unloading 28 unused Assets to reduce memory usage. Loaded Objects now: 1697.
Total: 1.753600 ms (FindLiveObjects: 0.180200 ms CreateObjectMapping: 0.040800 ms MarkObjects: 1.513700 ms  DeleteObjects: 0.017800 ms)

========================================================================
Received Prepare
Registering precompiled user dll's ...
Registered in 0.003165 seconds.
Begin MonoManager ReloadAssembly
Native extension for LinuxStandalone target not found
Native extension for WindowsStandalone target not found
Native extension for OSXStandalone target not found
Native extension for WebGL target not found
Refreshing native plugins compatible for Editor in 0.47 ms, found 0 plugins.
Preloading 0 native plugins for Editor in 0.00 ms.
Invoked RoslynAnalysisRunner static constructor.
RoslynAnalysisRunner will not be running.
RoslynAnalysisRunner has terminated.
Mono: successfully reloaded assembly
- Completed reload, in  0.669 seconds
Platform modules already initialized, skipping
Refreshing native plugins compatible for Editor in 0.46 ms, found 0 plugins.
Preloading 0 native plugins for Editor in 0.00 ms.
Unloading 1193 Unused Serialized files (Serialized files now loaded: 0)
System memory in use before: 63.9 MB.
System memory in use after: 64.0 MB.

Unloading 28 unused Assets to reduce memory usage. Loaded Objects now: 1700.
Total: 1.719400 ms (FindLiveObjects: 0.192100 ms CreateObjectMapping: 0.043800 ms MarkObjects: 1.463500 ms  DeleteObjects: 0.019200 ms)

========================================================================
Received Import Request.
  Time since last request: 1088.091503 seconds.
  path: Assets/Resources/Script/ScriptableObject
  artifactKey: Guid(41412e4e6e1c9ce4b964786b59333064) Importer(815301076,1909f56bfc062723c751e8b465ee728b)
Start importing Assets/Resources/Script/ScriptableObject using Guid(41412e4e6e1c9ce4b964786b59333064) Importer(815301076,1909f56bfc062723c751e8b465ee728b)  -> (artifact id: '7c0edbddd6116aa201255d4a9a7c8ec6') in 0.010530 seconds
  Import took 0.013019 seconds .

========================================================================
Received Import Request.
  Time since last request: 0.131683 seconds.
  path: Assets/Resources/Script/ScriptableObject/BasicWave Enemy.asset
  artifactKey: Guid(7a6a0d576f734bc4fb681fb0aa23c7b7) Importer(815301076,1909f56bfc062723c751e8b465ee728b)
Start importing Assets/Resources/Script/ScriptableObject/BasicWave Enemy.asset using Guid(7a6a0d576f734bc4fb681fb0aa23c7b7) Importer(815301076,1909f56bfc062723c751e8b465ee728b)  -> (artifact id: '785ddf05a2c31e3bb145ba184cd14b37') in 0.015631 seconds
  Import took 0.017915 seconds .

========================================================================
Received Import Request.
  Time since last request: 0.000229 seconds.
  path: Assets/Resources/Script/ScriptableObject/Bomb_Cluster.asset
  artifactKey: Guid(e67fc4bfc46320f4b8b62dccb91c9afd) Importer(815301076,1909f56bfc062723c751e8b465ee728b)
Start importing Assets/Resources/Script/ScriptableObject/Bomb_Cluster.asset using Guid(e67fc4bfc46320f4b8b62dccb91c9afd) Importer(815301076,1909f56bfc062723c751e8b465ee728b)  -> (artifact id: 'e3d2eaba31437c07ad44d2c1c5aeef90') in 0.008073 seconds
  Import took 0.009928 seconds .

========================================================================
Received Import Request.
  Time since last request: 0.000177 seconds.
  path: Assets/Resources/Script/ScriptableObject/bShotBullet.asset
  artifactKey: Guid(2202aafa3c405bb4f8dde0694b28c99d) Importer(815301076,1909f56bfc062723c751e8b465ee728b)
Start importing Assets/Resources/Script/ScriptableObject/bShotBullet.asset using Guid(2202aafa3c405bb4f8dde0694b28c99d) Importer(815301076,1909f56bfc062723c751e8b465ee728b)  -> (artifact id: 'ffc06d585131dc66297980f9f8431070') in 0.008550 seconds
  Import took 0.010473 seconds .

========================================================================
Received Import Request.
  Time since last request: 0.000172 seconds.
  path: Assets/Resources/Script/ScriptableObject/PlayerBullet.asset
  artifactKey: Guid(4b42bee0cc101224d89dd16e1ab99038) Importer(815301076,1909f56bfc062723c751e8b465ee728b)
Start importing Assets/Resources/Script/ScriptableObject/PlayerBullet.asset using Guid(4b42bee0cc101224d89dd16e1ab99038) Importer(815301076,1909f56bfc062723c751e8b465ee728b)  -> (artifact id: 'd9bf5e2e793f6e8dfb23e040ec20ad64') in 0.009706 seconds
  Import took 0.011610 seconds .

========================================================================
Received Import Request.
  Time since last request: 0.000182 seconds.
  path: Assets/Resources/Script/ScriptableObject/BasicWaveEnemy.asset
  artifactKey: Guid(c7d2885a2fbf9f646ad009fbb961e56f) Importer(815301076,1909f56bfc062723c751e8b465ee728b)
Start importing Assets/Resources/Script/ScriptableObject/BasicWaveEnemy.asset using Guid(c7d2885a2fbf9f646ad009fbb961e56f) Importer(815301076,1909f56bfc062723c751e8b465ee728b)  -> (artifact id: 'b4d84bf10bd6c52c8ac10b1fc0ce2ba8') in 0.007192 seconds
  Import took 0.009062 seconds .

========================================================================
Received Import Request.
  Time since last request: 0.000159 seconds.
  path: Assets/Resources/Script/ScriptableObject/Player_Default.asset
  artifactKey: Guid(419ca2c9f7e2c444e9e3dedb59ad4957) Importer(815301076,1909f56bfc062723c751e8b465ee728b)
Start importing Assets/Resources/Script/ScriptableObject/Player_Default.asset using Guid(419ca2c9f7e2c444e9e3dedb59ad4957) Importer(815301076,1909f56bfc062723c751e8b465ee728b)  -> (artifact id: 'fc912740c4fcd779e9915a5e1ba006c0') in 0.012987 seconds
  Import took 0.015326 seconds .

========================================================================
Received Import Request.
  Time since last request: 0.000172 seconds.
  path: Assets/Resources/Script/ScriptableObject/Health_Level1.asset
  artifactKey: Guid(9095b1a53569c2b4490ca2d3d43d3ab3) Importer(815301076,1909f56bfc062723c751e8b465ee728b)
Start importing Assets/Resources/Script/ScriptableObject/Health_Level1.asset using Guid(9095b1a53569c2b4490ca2d3d43d3ab3) Importer(815301076,1909f56bfc062723c751e8b465ee728b)  -> (artifact id: '507bab8d5e4b4c8dbc370ee2e6cea450') in 0.007859 seconds
  Import took 0.009612 seconds .

========================================================================
Received Import Request.
  Time since last request: 0.000208 seconds.
  path: Assets/Resources/Script/ScriptableObject/Shot_PowerUp.asset
  artifactKey: Guid(e0a5855cec08cba47b1ffbb63773c691) Importer(815301076,1909f56bfc062723c751e8b465ee728b)
Start importing Assets/Resources/Script/ScriptableObject/Shot_PowerUp.asset using Guid(e0a5855cec08cba47b1ffbb63773c691) Importer(815301076,1909f56bfc062723c751e8b465ee728b)  -> (artifact id: '32e61e696732f97fa2b4bbe4c2a2cf03') in 0.008397 seconds
  Import took 0.010092 seconds .

========================================================================
Received Prepare
Registering precompiled user dll's ...
Registered in 0.003400 seconds.
Begin MonoManager ReloadAssembly
Native extension for LinuxStandalone target not found
Native extension for WindowsStandalone target not found
Native extension for OSXStandalone target not found
Native extension for WebGL target not found
Refreshing native plugins compatible for Editor in 0.47 ms, found 0 plugins.
Preloading 0 native plugins for Editor in 0.00 ms.
Invoked RoslynAnalysisRunner static constructor.
RoslynAnalysisRunner will not be running.
RoslynAnalysisRunner has terminated.
Mono: successfully reloaded assembly
- Completed reload, in  0.670 seconds
Platform modules already initialized, skipping
Refreshing native plugins compatible for Editor in 0.45 ms, found 0 plugins.
Preloading 0 native plugins for Editor in 0.00 ms.
Unloading 1193 Unused Serialized files (Serialized files now loaded: 0)
System memory in use before: 64.1 MB.
System memory in use after: 64.2 MB.

Unloading 30 unused Assets to reduce memory usage. Loaded Objects now: 1704.
Total: 1.836100 ms (FindLiveObjects: 0.206900 ms CreateObjectMapping: 0.033500 ms MarkObjects: 1.540000 ms  DeleteObjects: 0.054700 ms)

========================================================================
Received Import Request.
  Time since last request: 16.407930 seconds.
  path: Assets/Resources/Script/ScriptableObject/SoldOut.asset
  artifactKey: Guid(5286350ffa5706b46931df42e0b9e5d2) Importer(815301076,1909f56bfc062723c751e8b465ee728b)
Start importing Assets/Resources/Script/ScriptableObject/SoldOut.asset using Guid(5286350ffa5706b46931df42e0b9e5d2) Importer(815301076,1909f56bfc062723c751e8b465ee728b)  -> (artifact id: '3886db9f8c20337d1aba2b05e59b3636') in 0.015509 seconds
  Import took 0.017782 seconds .

========================================================================
Received Prepare
Registering precompiled user dll's ...
Registered in 0.003194 seconds.
Begin MonoManager ReloadAssembly
Native extension for LinuxStandalone target not found
Native extension for WindowsStandalone target not found
Native extension for OSXStandalone target not found
Native extension for WebGL target not found
Refreshing native plugins compatible for Editor in 0.54 ms, found 0 plugins.
Preloading 0 native plugins for Editor in 0.00 ms.
Invoked RoslynAnalysisRunner static constructor.
RoslynAnalysisRunner will not be running.
RoslynAnalysisRunner has terminated.
Mono: successfully reloaded assembly
- Completed reload, in  0.691 seconds
Platform modules already initialized, skipping
Refreshing native plugins compatible for Editor in 0.46 ms, found 0 plugins.
Preloading 0 native plugins for Editor in 0.00 ms.
Unloading 1193 Unused Serialized files (Serialized files now loaded: 0)
System memory in use before: 64.1 MB.
System memory in use after: 64.2 MB.

Unloading 28 unused Assets to reduce memory usage. Loaded Objects now: 1707.
Total: 1.593400 ms (FindLiveObjects: 0.151700 ms CreateObjectMapping: 0.033300 ms MarkObjects: 1.391000 ms  DeleteObjects: 0.016500 ms)

========================================================================
Received Prepare
Registering precompiled user dll's ...
Registered in 0.003359 seconds.
Begin MonoManager ReloadAssembly
Native extension for LinuxStandalone target not found
Native extension for WindowsStandalone target not found
Native extension for OSXStandalone target not found
Native extension for WebGL target not found
Refreshing native plugins compatible for Editor in 0.54 ms, found 0 plugins.
Preloading 0 native plugins for Editor in 0.00 ms.
Invoked RoslynAnalysisRunner static constructor.
RoslynAnalysisRunner will not be running.
RoslynAnalysisRunner has terminated.
Mono: successfully reloaded assembly
- Completed reload, in  0.679 seconds
Platform modules already initialized, skipping
Refreshing native plugins compatible for Editor in 0.47 ms, found 0 plugins.
Preloading 0 native plugins for Editor in 0.00 ms.
Unloading 1193 Unused Serialized files (Serialized files now loaded: 0)
System memory in use before: 64.1 MB.
System memory in use after: 64.2 MB.

Unloading 28 unused Assets to reduce memory usage. Loaded Objects now: 1710.
Total: 1.653400 ms (FindLiveObjects: 0.162700 ms CreateObjectMapping: 0.034900 ms MarkObjects: 1.438100 ms  DeleteObjects: 0.016200 ms)

AssetImportWorkerClient::OnTransportError - code=2 error=End of file
